<?xml version="1.0" encoding="UTF-8"?>
<!-- Generated by org.testng.reporters.JUnitReportReporter -->
<testsuite hostname="MSI" name="test.testcases" tests="1" failures="0" timestamp="16 Mar 2018 23:27:53 GMT" time="4.109" errors="0">
  <testcase name="goToUrl" time="4.109" classname="test.testcases"/>
</testsuite> <!-- test.testcases -->
